[debug] [2023-06-22T11:23:10.479Z] ----------------------------------------------------------------------
[debug] [2023-06-22T11:23:10.485Z] Command:       /usr/bin/node /usr/local/bin/firebase deploy --only hosting
[debug] [2023-06-22T11:23:10.486Z] CLI Version:   12.3.0
[debug] [2023-06-22T11:23:10.486Z] Platform:      linux
[debug] [2023-06-22T11:23:10.487Z] Node Version:  v18.7.0
[debug] [2023-06-22T11:23:10.487Z] Time:          Thu Jun 22 2023 12:23:10 GMT+0100 (West Africa Standard Time)
[debug] [2023-06-22T11:23:10.488Z] ----------------------------------------------------------------------
[debug] 
[debug] [2023-06-22T11:23:10.743Z] > command requires scopes: ["email","openid","https://www.googleapis.com/auth/cloudplatformprojects.readonly","https://www.googleapis.com/auth/firebase","https://www.googleapis.com/auth/cloud-platform"]
[debug] [2023-06-22T11:23:10.746Z] > authorizing via signed-in user (zohoungbogboanlyou@gmail.com)
[debug] [2023-06-22T11:23:10.746Z] [iam] checking project aleatek-d7a43 for permissions ["firebase.projects.get","firebasehosting.sites.update"]
[debug] [2023-06-22T11:23:10.752Z] > refreshing access token with scopes: []
[debug] [2023-06-22T11:23:10.760Z] >>> [apiv2][query] POST https://www.googleapis.com/oauth2/v3/token [none]
[debug] [2023-06-22T11:23:10.761Z] >>> [apiv2][body] POST https://www.googleapis.com/oauth2/v3/token [omitted]
[debug] [2023-06-22T11:23:11.502Z] <<< [apiv2][status] POST https://www.googleapis.com/oauth2/v3/token 200
[debug] [2023-06-22T11:23:11.502Z] <<< [apiv2][body] POST https://www.googleapis.com/oauth2/v3/token [omitted]
[debug] [2023-06-22T11:23:11.519Z] >>> [apiv2][query] POST https://cloudresourcemanager.googleapis.com/v1/projects/aleatek-d7a43:testIamPermissions [none]
[debug] [2023-06-22T11:23:11.520Z] >>> [apiv2][(partial)header] POST https://cloudresourcemanager.googleapis.com/v1/projects/aleatek-d7a43:testIamPermissions x-goog-quota-user=projects/aleatek-d7a43
[debug] [2023-06-22T11:23:11.520Z] >>> [apiv2][body] POST https://cloudresourcemanager.googleapis.com/v1/projects/aleatek-d7a43:testIamPermissions {"permissions":["firebase.projects.get","firebasehosting.sites.update"]}
[debug] [2023-06-22T11:23:12.779Z] <<< [apiv2][status] POST https://cloudresourcemanager.googleapis.com/v1/projects/aleatek-d7a43:testIamPermissions 200
[debug] [2023-06-22T11:23:12.780Z] <<< [apiv2][body] POST https://cloudresourcemanager.googleapis.com/v1/projects/aleatek-d7a43:testIamPermissions {"permissions":["firebase.projects.get","firebasehosting.sites.update"]}
[debug] [2023-06-22T11:23:12.785Z] >>> [apiv2][query] GET https://firebase.googleapis.com/v1beta1/projects/aleatek-d7a43 [none]
[debug] [2023-06-22T11:23:13.527Z] <<< [apiv2][status] GET https://firebase.googleapis.com/v1beta1/projects/aleatek-d7a43 200
[debug] [2023-06-22T11:23:13.528Z] <<< [apiv2][body] GET https://firebase.googleapis.com/v1beta1/projects/aleatek-d7a43 {"projectId":"aleatek-d7a43","projectNumber":"5225586142","displayName":"Aleatek","name":"projects/aleatek-d7a43","resources":{"hostingSite":"aleatek-d7a43"},"state":"ACTIVE","etag":"1_831d3fcd-bf92-4eaf-bce7-44d2081781ba"}
[info] 
[info] === Deploying to 'aleatek-d7a43'...
[info] 
[info] i  deploying hosting 
[debug] [2023-06-22T11:23:13.556Z] >>> [apiv2][query] POST https://firebasehosting.googleapis.com/v1beta1/projects/-/sites/aleatek-d7a43/versions [none]
[debug] [2023-06-22T11:23:13.556Z] >>> [apiv2][body] POST https://firebasehosting.googleapis.com/v1beta1/projects/-/sites/aleatek-d7a43/versions {"status":"CREATED","labels":{"deployment-tool":"cli-firebase"}}
[debug] [2023-06-22T11:23:15.137Z] <<< [apiv2][status] POST https://firebasehosting.googleapis.com/v1beta1/projects/-/sites/aleatek-d7a43/versions 200
[debug] [2023-06-22T11:23:15.138Z] <<< [apiv2][body] POST https://firebasehosting.googleapis.com/v1beta1/projects/-/sites/aleatek-d7a43/versions {"name":"projects/5225586142/sites/aleatek-d7a43/versions/cd8961645383148b","status":"CREATED","config":{},"labels":{"deployment-tool":"cli-firebase"}}
[info] i  hosting[aleatek-d7a43]: beginning deploy... 
[info] i  hosting[aleatek-d7a43]: found 18 files in build 
[debug] [2023-06-22T11:23:15.167Z] [hosting] uploading with 200 concurrency
[debug] [2023-06-22T11:23:17.547Z] [hosting] hash cache [YnVpbGQ] stored for 18 files
[debug] [2023-06-22T11:23:17.548Z] [hosting][hash queue][FINAL] {"max":2357,"min":45,"avg":200.22222222222223,"active":0,"complete":18,"success":18,"errored":0,"retried":0,"total":18,"elapsed":2370}
[debug] [2023-06-22T11:23:17.549Z] >>> [apiv2][query] POST https://firebasehosting.googleapis.com/v1beta1/projects/5225586142/sites/aleatek-d7a43/versions/cd8961645383148b:populateFiles [none]
[debug] [2023-06-22T11:23:17.550Z] >>> [apiv2][body] POST https://firebasehosting.googleapis.com/v1beta1/projects/5225586142/sites/aleatek-d7a43/versions/cd8961645383148b:populateFiles {"files":{"/asset-manifest.json":"822de96df24325bd8ff953b7826ffb9bd14d9f8a95220f3390a42cc4a415c522","/index.html":"f6463f2812834524a00ff92a67fbb278e122d310f29a632f9312625a5434255a","/static/css/main.a49928e5.css":"6f3488b440dc465ffbde9ede8f89ab0fa32115f8fe1d1f52cca417139891d7b5","/static/css/main.a49928e5.css.map":"44d6389e87b25275c17a5f747fecd308482c7baebe8435c96b9fec3ef2998560","/static/js/main.02088cd2.js.LICENSE.txt":"3390c46b436c6cddb04932a9e4d45a6fd0030d03d8649d4e4bda5c043d5d7c68","/static/media/books.f4514e544e7ac9bc86cd.png":"fd24f1882921d80cad104560d1d6ab19d1368a66f18fd5d5adb23431a795791b","/static/media/aso.449ba13cda9d456205f9.png":"58aff6b8599d994299a1ae49c97862bfc1c0d627c538b57763ad8027664ad679","/static/media/nodata.7cfdadb41d923070f669c020a4dd9616.svg":"8f9ca11d128619e93e51ead0a8aed98c57a58518d475b08b2fa58a8c09ba6c93","/static/media/mine.778ef0547dc847226108.png":"a10443b0c16d3d5374c717a815acb265b8ae68b8ef392c1385f1ab99fa08653a","/static/media/clients.165df44f36386fe10151.png":"b4bda5741341d82cd7e953c8ac38a3ab9ba15f5930d02fbf9784441695d58aa8","/static/media/oil-pump.e127cac6a4de817173b9.png":"e96ffc9ec56d136f12eae71ec3e4cbc7ec7d6ee07154e6ec00440a8cae1a259f","/static/media/worker.7c006b36a9ed7160d43a.png":"ad25f41ae1d1a40f08fb980da9092b03cc48c570077fc01997183cc1da303b84","/static/media/deal.af35a3d7a5233aec4663.png":"f7f585e73f42653d14136e8b3a4bf9461a2cb76d92b7d74f334f86133b9b1157","/static/media/publication.bebd6f3623a45f7259a4.png":"6972e8b442bdbff6357b960f5cebf402be7c9b319df8963e37ceaa00c7338b2c","/static/media/visitor.b4ef9e2ac5c082044118.png":"29873eec6995b3f34a2db370121dab6edec0142ddb61206c3a231479dbb83b22","/static/media/construction.f8c4598a07927b377a08c70fb44f63f4.svg":"165d16c663d17ef27e36f3b18bdf6c2be700f9b32387abb4c62b51325b1d8b7f","/static/js/main.02088cd2.js":"5f42bc8c529ec3657c04b0cea7b7645af17cf590e48f792845597799503b7025","/static/js/main.02088cd2.js.map":"5786ebd12e0e02af797f2f956e0f83d981d187a42a53afda375695ed2feff60a"}}
[debug] [2023-06-22T11:23:18.759Z] <<< [apiv2][status] POST https://firebasehosting.googleapis.com/v1beta1/projects/5225586142/sites/aleatek-d7a43/versions/cd8961645383148b:populateFiles 200
[debug] [2023-06-22T11:23:18.759Z] <<< [apiv2][body] POST https://firebasehosting.googleapis.com/v1beta1/projects/5225586142/sites/aleatek-d7a43/versions/cd8961645383148b:populateFiles {"uploadRequiredHashes":["5786ebd12e0e02af797f2f956e0f83d981d187a42a53afda375695ed2feff60a","822de96df24325bd8ff953b7826ffb9bd14d9f8a95220f3390a42cc4a415c522","f6463f2812834524a00ff92a67fbb278e122d310f29a632f9312625a5434255a","5f42bc8c529ec3657c04b0cea7b7645af17cf590e48f792845597799503b7025"],"uploadUrl":"https://upload-firebasehosting.googleapis.com/upload/sites/aleatek-d7a43/versions/cd8961645383148b/files"}
[debug] [2023-06-22T11:23:18.764Z] >>> [apiv2][query] POST https://upload-firebasehosting.googleapis.com/upload/sites/aleatek-d7a43/versions/cd8961645383148b/files/5786ebd12e0e02af797f2f956e0f83d981d187a42a53afda375695ed2feff60a [none]
[debug] [2023-06-22T11:23:18.765Z] >>> [apiv2][body] POST https://upload-firebasehosting.googleapis.com/upload/sites/aleatek-d7a43/versions/cd8961645383148b/files/5786ebd12e0e02af797f2f956e0f83d981d187a42a53afda375695ed2feff60a [stream]
[debug] [2023-06-22T11:23:18.769Z] >>> [apiv2][query] POST https://upload-firebasehosting.googleapis.com/upload/sites/aleatek-d7a43/versions/cd8961645383148b/files/822de96df24325bd8ff953b7826ffb9bd14d9f8a95220f3390a42cc4a415c522 [none]
[debug] [2023-06-22T11:23:18.770Z] >>> [apiv2][body] POST https://upload-firebasehosting.googleapis.com/upload/sites/aleatek-d7a43/versions/cd8961645383148b/files/822de96df24325bd8ff953b7826ffb9bd14d9f8a95220f3390a42cc4a415c522 [stream]
[debug] [2023-06-22T11:23:18.773Z] >>> [apiv2][query] POST https://upload-firebasehosting.googleapis.com/upload/sites/aleatek-d7a43/versions/cd8961645383148b/files/f6463f2812834524a00ff92a67fbb278e122d310f29a632f9312625a5434255a [none]
[debug] [2023-06-22T11:23:18.773Z] >>> [apiv2][body] POST https://upload-firebasehosting.googleapis.com/upload/sites/aleatek-d7a43/versions/cd8961645383148b/files/f6463f2812834524a00ff92a67fbb278e122d310f29a632f9312625a5434255a [stream]
[debug] [2023-06-22T11:23:18.778Z] >>> [apiv2][query] POST https://upload-firebasehosting.googleapis.com/upload/sites/aleatek-d7a43/versions/cd8961645383148b/files/5f42bc8c529ec3657c04b0cea7b7645af17cf590e48f792845597799503b7025 [none]
[debug] [2023-06-22T11:23:18.778Z] >>> [apiv2][body] POST https://upload-firebasehosting.googleapis.com/upload/sites/aleatek-d7a43/versions/cd8961645383148b/files/5f42bc8c529ec3657c04b0cea7b7645af17cf590e48f792845597799503b7025 [stream]
[debug] [2023-06-22T11:23:18.783Z] [hosting][populate queue][FINAL] {"max":1220,"min":1220,"avg":1220,"active":0,"complete":1,"success":1,"errored":0,"retried":0,"total":1,"elapsed":1239}
[debug] [2023-06-22T11:23:18.783Z] [hosting] uploads queued: 4
[debug] [2023-06-22T11:23:20.628Z] <<< [apiv2][status] POST https://upload-firebasehosting.googleapis.com/upload/sites/aleatek-d7a43/versions/cd8961645383148b/files/822de96df24325bd8ff953b7826ffb9bd14d9f8a95220f3390a42cc4a415c522 200
[debug] [2023-06-22T11:23:20.628Z] <<< [apiv2][body] POST https://upload-firebasehosting.googleapis.com/upload/sites/aleatek-d7a43/versions/cd8961645383148b/files/822de96df24325bd8ff953b7826ffb9bd14d9f8a95220f3390a42cc4a415c522 [stream]
[debug] [2023-06-22T11:23:20.808Z] <<< [apiv2][status] POST https://upload-firebasehosting.googleapis.com/upload/sites/aleatek-d7a43/versions/cd8961645383148b/files/f6463f2812834524a00ff92a67fbb278e122d310f29a632f9312625a5434255a 200
[debug] [2023-06-22T11:23:20.808Z] <<< [apiv2][body] POST https://upload-firebasehosting.googleapis.com/upload/sites/aleatek-d7a43/versions/cd8961645383148b/files/f6463f2812834524a00ff92a67fbb278e122d310f29a632f9312625a5434255a [stream]
[debug] [2023-06-22T11:23:24.280Z] <<< [apiv2][status] POST https://upload-firebasehosting.googleapis.com/upload/sites/aleatek-d7a43/versions/cd8961645383148b/files/5f42bc8c529ec3657c04b0cea7b7645af17cf590e48f792845597799503b7025 200
[debug] [2023-06-22T11:23:24.280Z] <<< [apiv2][body] POST https://upload-firebasehosting.googleapis.com/upload/sites/aleatek-d7a43/versions/cd8961645383148b/files/5f42bc8c529ec3657c04b0cea7b7645af17cf590e48f792845597799503b7025 [stream]
[debug] [2023-06-22T11:23:28.666Z] <<< [apiv2][status] POST https://upload-firebasehosting.googleapis.com/upload/sites/aleatek-d7a43/versions/cd8961645383148b/files/5786ebd12e0e02af797f2f956e0f83d981d187a42a53afda375695ed2feff60a 200
[debug] [2023-06-22T11:23:28.666Z] <<< [apiv2][body] POST https://upload-firebasehosting.googleapis.com/upload/sites/aleatek-d7a43/versions/cd8961645383148b/files/5786ebd12e0e02af797f2f956e0f83d981d187a42a53afda375695ed2feff60a [stream]
[debug] [2023-06-22T11:23:28.668Z] [hosting][upload queue][FINAL] {"max":9907,"min":1868,"avg":4834.5,"active":0,"complete":4,"success":4,"errored":0,"retried":0,"total":4,"elapsed":9908}
[info] ✔  hosting[aleatek-d7a43]: file upload complete 
[debug] [2023-06-22T11:23:28.671Z] [hosting] deploy completed after 13528ms
[debug] [2023-06-22T11:23:28.676Z] [
  {
    "config": {
      "public": "build",
      "ignore": [
        "firebase.json",
        "**/.*",
        "**/node_modules/**"
      ],
      "rewrites": [
        {
          "source": "**",
          "destination": "/index.html"
        }
      ],
      "site": "aleatek-d7a43"
    },
    "version": "projects/5225586142/sites/aleatek-d7a43/versions/cd8961645383148b"
  }
]
[info] i  hosting[aleatek-d7a43]: finalizing version... 
[debug] [2023-06-22T11:23:28.683Z] >>> [apiv2][query] PATCH https://firebasehosting.googleapis.com/v1beta1/projects/-/sites/aleatek-d7a43/versions/cd8961645383148b updateMask=status%2Cconfig
[debug] [2023-06-22T11:23:28.683Z] >>> [apiv2][body] PATCH https://firebasehosting.googleapis.com/v1beta1/projects/-/sites/aleatek-d7a43/versions/cd8961645383148b {"status":"FINALIZED","config":{"rewrites":[{"glob":"**","path":"/index.html"}]}}
[debug] [2023-06-22T11:23:29.875Z] <<< [apiv2][status] PATCH https://firebasehosting.googleapis.com/v1beta1/projects/-/sites/aleatek-d7a43/versions/cd8961645383148b 200
[debug] [2023-06-22T11:23:29.876Z] <<< [apiv2][body] PATCH https://firebasehosting.googleapis.com/v1beta1/projects/-/sites/aleatek-d7a43/versions/cd8961645383148b {"name":"projects/5225586142/sites/aleatek-d7a43/versions/cd8961645383148b","status":"FINALIZED","config":{"rewrites":[{"glob":"**","path":"/index.html"}]},"labels":{"deployment-tool":"cli-firebase"},"createTime":"2023-06-22T11:23:14.724364Z","createUser":{"email":"zohoungbogboanlyou@gmail.com"},"finalizeTime":"2023-06-22T11:23:29.720269Z","finalizeUser":{"email":"zohoungbogboanlyou@gmail.com"}}
[debug] [2023-06-22T11:23:29.876Z] [hosting] finalized version for aleatek-d7a43:[object Object]
[info] ✔  hosting[aleatek-d7a43]: version finalized 
[info] i  hosting[aleatek-d7a43]: releasing new version... 
[debug] [2023-06-22T11:23:29.878Z] >>> [apiv2][query] POST https://firebasehosting.googleapis.com/v1beta1/projects/-/sites/aleatek-d7a43/channels/live/releases versionName=projects%2F5225586142%2Fsites%2Faleatek-d7a43%2Fversions%2Fcd8961645383148b
[debug] [2023-06-22T11:23:29.878Z] >>> [apiv2][body] POST https://firebasehosting.googleapis.com/v1beta1/projects/-/sites/aleatek-d7a43/channels/live/releases {}
[debug] [2023-06-22T11:23:31.147Z] <<< [apiv2][status] POST https://firebasehosting.googleapis.com/v1beta1/projects/-/sites/aleatek-d7a43/channels/live/releases 200
[debug] [2023-06-22T11:23:31.148Z] <<< [apiv2][body] POST https://firebasehosting.googleapis.com/v1beta1/projects/-/sites/aleatek-d7a43/channels/live/releases {"name":"projects/5225586142/sites/aleatek-d7a43/channels/live/releases/1687433010371000","version":{"name":"projects/5225586142/sites/aleatek-d7a43/versions/cd8961645383148b","status":"FINALIZED","config":{"rewrites":[{"glob":"**","path":"/index.html"}]},"labels":{"deployment-tool":"cli-firebase"},"createTime":"2023-06-22T11:23:14.724364Z","createUser":{"email":"zohoungbogboanlyou@gmail.com","imageUrl":"https://lh3.googleusercontent.com/a/AAcHTteoEmuCNai0wHS4lpXO7gs_jZirovutmUvQGfXO6g"},"finalizeTime":"2023-06-22T11:23:29.720269Z","finalizeUser":{"email":"zohoungbogboanlyou@gmail.com","imageUrl":"https://lh3.googleusercontent.com/a/AAcHTteoEmuCNai0wHS4lpXO7gs_jZirovutmUvQGfXO6g"}},"type":"DEPLOY","releaseTime":"2023-06-22T11:23:30.371Z","releaseUser":{"email":"zohoungbogboanlyou@gmail.com","imageUrl":"https://lh3.googleusercontent.com/a/AAcHTteoEmuCNai0wHS4lpXO7gs_jZirovutmUvQGfXO6g"}}
[debug] [2023-06-22T11:23:31.152Z] [hosting] release: {"name":"projects/5225586142/sites/aleatek-d7a43/channels/live/releases/1687433010371000","version":{"name":"projects/5225586142/sites/aleatek-d7a43/versions/cd8961645383148b","status":"FINALIZED","config":{"rewrites":[{"glob":"**","path":"/index.html"}]},"labels":{"deployment-tool":"cli-firebase"},"createTime":"2023-06-22T11:23:14.724364Z","createUser":{"email":"zohoungbogboanlyou@gmail.com","imageUrl":"https://lh3.googleusercontent.com/a/AAcHTteoEmuCNai0wHS4lpXO7gs_jZirovutmUvQGfXO6g"},"finalizeTime":"2023-06-22T11:23:29.720269Z","finalizeUser":{"email":"zohoungbogboanlyou@gmail.com","imageUrl":"https://lh3.googleusercontent.com/a/AAcHTteoEmuCNai0wHS4lpXO7gs_jZirovutmUvQGfXO6g"}},"type":"DEPLOY","releaseTime":"2023-06-22T11:23:30.371Z","releaseUser":{"email":"zohoungbogboanlyou@gmail.com","imageUrl":"https://lh3.googleusercontent.com/a/AAcHTteoEmuCNai0wHS4lpXO7gs_jZirovutmUvQGfXO6g"}}
[info] ✔  hosting[aleatek-d7a43]: release complete 
[info] 
[info] ✔  Deploy complete! 
[info] 
[info] Project Console: https://console.firebase.google.com/project/aleatek-d7a43/overview
[info] Hosting URL: https://aleatek-d7a43.web.app
[debug] [2023-06-22T11:23:37.157Z] Error: Timed out.
    at Timeout._onTimeout (/usr/local/lib/node_modules/firebase-tools/lib/utils.js:253:49)
    at listOnTimeout (node:internal/timers:564:17)
    at process.processTimers (node:internal/timers:507:7)
[error] 
[error] Error: An unexpected error has occurred.
